Arguments: 
  /usr/local/bin/node /usr/local/bin/yarn add rollup-plugin-babel rollup-plugin-serve cross-env @babel/core @babel/preset-env

PATH: 
  /Users/wangzezhong/.rvm/gems/ruby-2.4.0/bin:/Users/wangzezhong/.rvm/gems/ruby-2.4.0@global/bin:/Users/wangzezhong/.rvm/rubies/ruby-2.4.0/bin:/Library/Frameworks/Python.framework/Versions/3.8/bin:/usr/local/bin:/usr/bin:/bin:/usr/sbin:/sbin:/usr/local/share/dotnet:/opt/X11/bin:~/.dotnet/tools:/Library/Apple/usr/bin:/Library/Frameworks/Mono.framework/Versions/Current/Commands:/Applications/Xamarin Workbooks.app/Contents/SharedSupport/path-bin:/Users/wangzezhong/.rvm/gems/ruby-2.4.0/bin:/Users/wangzezhong/.rvm/gems/ruby-2.4.0@global/bin:/Users/wangzezhong/.rvm/rubies/ruby-2.4.0/bin:/Library/Frameworks/Python.framework/Versions/3.8/bin:/Users/wangzezhong/.rvm/bin:/Users/wangzezhong/.rvm/bin

Yarn version: 
  1.22.10

Node version: 
  14.17.3

Platform: 
  darwin x64

Trace: 
  Error: EACCES: permission denied, unlink '/Users/wangzezhong/Desktop/zhufeng-vue/node_modules/fsevents/LICENSE'

npm manifest: 
  {
    "name": "zhufeng-vue",
    "version": "1.0.0",
    "description": "",
    "main": "index.js",
    "scripts": {
      "test": "echo \"Error: no test specified\" && exit 1"
    },
    "author": "",
    "license": "ISC",
    "dependencies": {
      "rollup": "^2.53.2"
    }
  }

yarn manifest: 
  No manifest

Lockfile: 
  # THIS IS AN AUTOGENERATED FILE. DO NOT EDIT THIS FILE DIRECTLY.
  # yarn lockfile v1
  
  
  fsevents@~2.3.2:
    version "2.3.2"
    resolved "https://registry.nlark.com/fsevents/download/fsevents-2.3.2.tgz#8a526f78b8fdf4623b709e0b975c52c24c02fd1a"
    integrity sha1-ilJveLj99GI7cJ4Ll1xSwkwC/Ro=
  
  rollup@^2.53.2:
    version "2.53.2"
    resolved "https://registry.nlark.com/rollup/download/rollup-2.53.2.tgz#3279f9bfba1fe446585560802e418c5fbcaefa51"
    integrity sha1-Mnn5v7of5EZYVWCALkGMX7yu+lE=
    optionalDependencies:
      fsevents "~2.3.2"
